<?xml version="1.0" encoding="UTF-8"?>
<testsuite xmlns:xsi="http://www.w3.org/2001/XMLSchema-instance" xsi:noNamespaceSchemaLocation="https://maven.apache.org/surefire/maven-surefire-plugin/xsd/surefire-test-report.xsd" name="TestMain" time="38.646" tests="9" errors="0" skipped="0" failures="0">
  <properties>
[...]
</properties>
  <testcase name="addDeleteElement" classname="TestMain" time="5.234"/>
  <testcase name="basicAuth" classname="TestMain" time="2.76"/>
  <testcase name="checkBoxes" classname="TestMain" time="3.043"/>
  <testcase name="entryAdPopUp" classname="TestMain" time="2.925"/>
  <testcase name="exitIntent" classname="TestMain" time="6.915"/>
  <testcase name="dynamicControls" classname="TestMain" time="9.118"/>
  <testcase name="dragAndDrop" classname="TestMain" time="2.795"/>
  <testcase name="selectDropDown" classname="TestMain" time="3.063"/>
  <testcase name="contextMenuAlerts" classname="TestMain" time="2.792"/>
</testsuite>